<?xml version="1.0" encoding="UTF-8"?>
<!-- Generated by org.testng.reporters.JUnitReportReporter -->
<testsuite hostname="Lenovo" failures="0" tests="1" name="YaantracWeb.Tests.Tests" time="3.979" errors="0" timestamp="2025-04-25T05:42:22 IST" skipped="0">
  <testcase classname="YaantracWeb.Tests.Tests" name="setup" time="3.979"/>
</testsuite> <!-- YaantracWeb.Tests.Tests -->
