<?xml version="1.0" encoding="UTF-8"?>
<!-- Generated by org.testng.reporters.JUnitReportReporter -->
<testsuite hostname="Lenovo" failures="0" tests="2" name="YaantracWeb.Tests.test1" time="10.752" errors="0" timestamp="2025-05-05T18:25:09 IST" skipped="0">
  <testcase classname="YaantracWeb.Tests.test1" name="Login" time="5.136"/>
  <testcase classname="YaantracWeb.Tests.test1" name="Login" time="5.616"/>
</testsuite> <!-- YaantracWeb.Tests.test1 -->
